<?xml version="1.0" encoding="UTF-8"?>
<testng-results skipped="0" failed="0" total="1" passed="1">
  <reporter-output>
  </reporter-output>
  <suite name="Default suite" duration-ms="16791" started-at="2015-06-22T17:22:33Z" finished-at="2015-06-22T17:22:49Z">
    <groups>
    </groups>
    <test name="Default test" duration-ms="16791" started-at="2015-06-22T17:22:33Z" finished-at="2015-06-22T17:22:49Z">
      <class name="day26.LoginusingKeywords">
        <test-method status="PASS" signature="loginTest()[pri:0, instance:day26.LoginusingKeywords@5513858]" name="loginTest" duration-ms="16764" started-at="2015-06-22T10:22:33Z" finished-at="2015-06-22T10:22:49Z">
          <reporter-output>
          </reporter-output>
        </test-method> <!-- loginTest -->
      </class> <!-- day26.LoginusingKeywords -->
    </test> <!-- Default test -->
  </suite> <!-- Default suite -->
</testng-results>
